Started
[Thu Jul 11 18:30:22 UTC 2024] Starting branch indexing...
 > git --version # timeout=10
 > git --version # 'git version 2.34.1'
 > git ls-remote --symref -- https://github.com/pratikGit007/Boardgame.git # timeout=10
 > git rev-parse --resolve-git-dir /var/lib/jenkins/caches/git-5ee80e5ee4002bb5126b0b12c0127ffa/.git # timeout=10
Setting origin to https://github.com/pratikGit007/Boardgame.git
 > git config remote.origin.url https://github.com/pratikGit007/Boardgame.git # timeout=10
Fetching & pruning origin...
Listing remote references...
 > git config --get remote.origin.url # timeout=10
 > git --version # timeout=10
 > git --version # 'git version 2.34.1'
 > git ls-remote -h -- https://github.com/pratikGit007/Boardgame.git # timeout=10
Fetching upstream changes from origin
 > git config --get remote.origin.url # timeout=10
 > git fetch --tags --force --progress --prune -- origin +refs/heads/*:refs/remotes/origin/* # timeout=10
Checking branches...
  Checking branch bugfix
      ‘Jenkinsfile’ not found
    Does not meet criteria
  Checking branch master
      ‘Jenkinsfile’ found
    Met criteria
No changes detected: master (still at b90bf464c52603e1b56e4d459445757cce11c3eb)
Processed 2 branches
[Thu Jul 11 18:30:22 UTC 2024] Finished branch indexing. Indexing took 0.44 sec
Evaluating orphaned items in multibranch web hook trigger
Will not remove feature as it is only #1 in the list
Will not remove RC1 as it is only #2 in the list
Will not remove bugfix as it is only #3 in the list
Will not remove release as it is only #4 in the list
Finished: SUCCESS
